<?xml version="1.0" encoding="UTF-8"?>
<testsuites name="New Test Suite" time="8.932" tests="1" failures="0" errors="0">
   <testsuite name="New Test Suite" tests="1" failures="0" errors="0" time="8.932" skipped="0" timestamp="2025-09-08T12:05:21.428Z" hostname="pradeep - WorkPC" id="Test Suites/New Test Suite">
      <properties>
         <property name="deviceName" value=""/>
         <property name="devicePlatform"/>
         <property name="logFolder" value="/home/pradeep/git/530pm/Reports/20250908_173519/New Test Suite/20250908_173519"/>
         <property name="logFiles" value="/home/pradeep/git/530pm/Reports/20250908_173519/New Test Suite/20250908_173519/console0.log, /home/pradeep/git/530pm/Reports/20250908_173519/New Test Suite/20250908_173519/execution0.log"/>
         <property name="attachments" value=""/>
         <property name="hostName" value="pradeep - WorkPC"/>
         <property name="os" value="Linux 64bit"/>
         <property name="katalonVersion" value="10.3.1.0"/>
         <property name="browser" value="Chrome 138.0.7204.183"/>
         <property name="userFullName" value="Pradeep Swamy"/>
         <property name="hostAddress" value="127.0.1.1"/>
         <property name="sessionId" value="66936cb2de1180aac7696f37e50ce956"/>
         <property name="projectName" value="530pm"/>
         <property name="seleniumVersion" value="4.28.1"/>
         <property name="proxyInformation" value="ProxyInformation { proxyOption=NO_PROXY, proxyServerType=HTTP, username=, password=********, proxyServerAddress=, proxyServerPort=0, executionList=&quot;&quot;, isApplyToDesiredCapabilities=true }"/>
         <property name="platform" value="Linux"/>
      </properties>
      <testcase name="Test Cases/New Test Case" time="8.611" classname="Test Cases/New Test Case" status="PASSED">
         <system-out><![CDATA[08-09-2025T17:35:21 - [TEST_CASE][PASSED] - Test Cases/New Test Case: Test Cases/New Test Case

08-09-2025T17:35:21 - [TEST_STEP][PASSED] - openBrowser(""): Browser is opened with url: ''

08-09-2025T17:35:22 - [MESSAGE][INFO] - Starting 'Chrome' driver

08-09-2025T17:35:22 - [MESSAGE][INFO] - Action delay is set to 0 milliseconds

08-09-2025T17:35:23 - [MESSAGE][PASSED] - Browser is opened with url: ''

08-09-2025T17:35:23 - [TEST_STEP][PASSED] - navigateToUrl("https://copilot.sangria.tech/login"): Navigate to 'https://copilot.sangria.tech/login' successfully

08-09-2025T17:35:27 - [MESSAGE][PASSED] - Navigate to 'https://copilot.sangria.tech/login' successfully

08-09-2025T17:35:27 - [TEST_STEP][PASSED] - click(findTestObject("Object Repository/Page_Sangria Copilot/div_concat(Let, , s get started)_space-y-2")): Object: 'Object Repository/Page_Sangria Copilot/div_concat(Let, , s get started)_space-y-2' is clicked on

08-09-2025T17:35:28 - [MESSAGE][PASSED] - Object: 'Object Repository/Page_Sangria Copilot/div_concat(Let, , s get started)_space-y-2' is clicked on

08-09-2025T17:35:28 - [TEST_STEP][PASSED] - setText(findTestObject("Object Repository/Page_Sangria Copilot/input_Email ID_email"), "lekha.george@dotkonnekt.com"): Text 'lekha.george@dotkonnekt.com' is set on object 'Object Repository/Page_Sangria Copilot/input_Email ID_email'

08-09-2025T17:35:28 - [MESSAGE][PASSED] - Text 'lekha.george@dotkonnekt.com' is set on object 'Object Repository/Page_Sangria Copilot/input_Email ID_email'

08-09-2025T17:35:28 - [TEST_STEP][PASSED] - setEncryptedText(findTestObject("Object Repository/Page_Sangria Copilot/input_Password_password"), "8G1WqYcoNzoZK48lDRAxjRQCQy8VzQvr"): Text ****** has been set on object 'Object Repository/Page_Sangria Copilot/input_Password_password'

08-09-2025T17:35:28 - [MESSAGE][PASSED] - Text ****** has been set on object 'Object Repository/Page_Sangria Copilot/input_Password_password'

08-09-2025T17:35:28 - [TEST_STEP][PASSED] - click(findTestObject("Object Repository/Page_Sangria Copilot/svg_Password_lucide lucide-eye h-4 w-4")): Object: 'Object Repository/Page_Sangria Copilot/svg_Password_lucide lucide-eye h-4 w-4' is clicked on

08-09-2025T17:35:29 - [MESSAGE][PASSED] - Object: 'Object Repository/Page_Sangria Copilot/svg_Password_lucide lucide-eye h-4 w-4' is clicked on

08-09-2025T17:35:29 - [TEST_STEP][PASSED] - click(findTestObject("Object Repository/Page_Sangria Copilot/input_Password_password")): Object: 'Object Repository/Page_Sangria Copilot/input_Password_password' is clicked on

08-09-2025T17:35:29 - [MESSAGE][PASSED] - Object: 'Object Repository/Page_Sangria Copilot/input_Password_password' is clicked on

08-09-2025T17:35:29 - [TEST_STEP][PASSED] - setEncryptedText(findTestObject("Object Repository/Page_Sangria Copilot/input_Password_password"), "AIKEBTu2o7nKqIEeYo6CKw=="): Text ****** has been set on object 'Object Repository/Page_Sangria Copilot/input_Password_password'

08-09-2025T17:35:30 - [MESSAGE][PASSED] - Text ****** has been set on object 'Object Repository/Page_Sangria Copilot/input_Password_password'

08-09-2025T17:35:30 - [TEST_STEP][PASSED] - click(findTestObject("Object Repository/Page_Sangria Copilot/button_Forgot Password_inline-flex items-ce_2b2a00")): Object: 'Object Repository/Page_Sangria Copilot/button_Forgot Password_inline-flex items-ce_2b2a00' is clicked on

08-09-2025T17:35:30 - [MESSAGE][PASSED] - Object: 'Object Repository/Page_Sangria Copilot/button_Forgot Password_inline-flex items-ce_2b2a00' is clicked on]]></system-out>
         <system-err><![CDATA[]]></system-err>
      </testcase>
      <system-out><![CDATA[08-09-2025T17:35:21 - [TEST_SUITE][PASSED] - New Test Suite: null]]></system-out>
      <system-err><![CDATA[]]></system-err>
   </testsuite>
</testsuites>
